{"/Users/Sea/code/packageManage/npm/sea-axios/dist/index.js":{"path":"/Users/Sea/code/packageManage/npm/sea-axios/dist/index.js","s":{"1":1,"2":1,"3":1,"4":1,"5":1,"6":1,"7":0,"8":0,"9":0,"10":0,"11":0,"12":0,"13":0,"14":0,"15":1,"16":0,"17":0,"18":0,"19":0,"20":0,"21":0,"22":0,"23":0,"24":0,"25":0,"26":1,"27":0,"28":0,"29":0,"30":0,"31":1,"32":0,"33":0,"34":0,"35":0,"36":1,"37":0,"38":1,"39":1,"40":1,"41":0,"42":0,"43":0,"44":0,"45":0,"46":0,"47":0,"48":0,"49":0,"50":0,"51":0,"52":0,"53":0,"54":0,"55":0,"56":0,"57":0,"58":0,"59":0,"60":0,"61":0,"62":0,"63":0,"64":0,"65":0,"66":0,"67":0,"68":0,"69":0,"70":0,"71":0,"72":0,"73":0,"74":0,"75":0,"76":0,"77":0,"78":0,"79":0,"80":0,"81":0,"82":0,"83":0,"84":0,"85":0,"86":0,"87":0,"88":0,"89":0,"90":0,"91":0,"92":0,"93":0,"94":0,"95":1,"96":0,"97":0,"98":1,"99":0,"100":0,"101":1,"102":0,"103":0,"104":1,"105":1,"106":1,"107":1,"108":1,"109":1,"110":1,"111":1,"112":0,"113":1,"114":1,"115":0,"116":0,"117":0,"118":0,"119":0,"120":0,"121":1,"122":0,"123":0,"124":0,"125":0,"126":0,"127":0,"128":1,"129":1,"130":1},"b":{"1":[0,1],"2":[1,1],"3":[0,0],"4":[0,0],"5":[0,0],"6":[0,0],"7":[0,0],"8":[0,0],"9":[0,0],"10":[0,0],"11":[0,0],"12":[0,0],"13":[0,0],"14":[0,0],"15":[0,0,0],"16":[0,0],"17":[0,0],"18":[0,0],"19":[0,0],"20":[0,0],"21":[0,0],"22":[0,0],"23":[0,0],"24":[0,0],"25":[0,0],"26":[0,0],"27":[0,0],"28":[0,0],"29":[0,0],"30":[0,0],"31":[0,0],"32":[0,0],"33":[0,0],"34":[0,0],"35":[0,0],"36":[1,0],"37":[1,1],"38":[1,0],"39":[0,1],"40":[0,1],"41":[0,0],"42":[0,0],"43":[0,0],"44":[0,0],"45":[0,0],"46":[0,0],"47":[0,0],"48":[0,0],"49":[0,0],"50":[0,0]},"f":{"1":1,"2":0,"3":0,"4":0,"5":0,"6":0,"7":0,"8":0,"9":0,"10":0,"11":0,"12":0,"13":0,"14":0,"15":0,"16":1,"17":0,"18":0,"19":0,"20":0},"fnMap":{"1":{"name":"_interopRequireDefault","line":10,"loc":{"start":{"line":10,"column":0},"end":{"line":10,"column":37}}},"2":{"name":"ownKeys","line":12,"loc":{"start":{"line":12,"column":0},"end":{"line":12,"column":41}}},"3":{"name":"(anonymous_3)","line":12,"loc":{"start":{"line":12,"column":208},"end":{"line":12,"column":223}}},"4":{"name":"_objectSpread","line":14,"loc":{"start":{"line":14,"column":0},"end":{"line":14,"column":31}}},"5":{"name":"(anonymous_5)","line":14,"loc":{"start":{"line":14,"column":176},"end":{"line":14,"column":191}}},"6":{"name":"(anonymous_6)","line":14,"loc":{"start":{"line":14,"column":395},"end":{"line":14,"column":410}}},"7":{"name":"_defineProperty","line":16,"loc":{"start":{"line":16,"column":0},"end":{"line":16,"column":42}}},"8":{"name":"json2url","line":19,"loc":{"start":{"line":19,"column":0},"end":{"line":19,"column":23}}},"9":{"name":"deepCopy","line":30,"loc":{"start":{"line":30,"column":0},"end":{"line":30,"column":23}}},"10":{"name":"ajax","line":42,"loc":{"start":{"line":42,"column":0},"end":{"line":42,"column":16}}},"11":{"name":"(anonymous_11)","line":80,"loc":{"start":{"line":80,"column":13},"end":{"line":80,"column":28}}},"12":{"name":"(anonymous_12)","line":158,"loc":{"start":{"line":158,"column":45},"end":{"line":158,"column":60}}},"13":{"name":"(anonymous_13)","line":168,"loc":{"start":{"line":168,"column":11},"end":{"line":168,"column":30}}},"14":{"name":"(anonymous_14)","line":177,"loc":{"start":{"line":177,"column":12},"end":{"line":177,"column":31}}},"15":{"name":"(anonymous_15)","line":186,"loc":{"start":{"line":186,"column":14},"end":{"line":186,"column":33}}},"16":{"name":"ajaxInit","line":195,"loc":{"start":{"line":195,"column":0},"end":{"line":195,"column":20}}},"17":{"name":"(anonymous_17)","line":216,"loc":{"start":{"line":216,"column":45},"end":{"line":216,"column":63}}},"18":{"name":"(anonymous_18)","line":226,"loc":{"start":{"line":226,"column":5},"end":{"line":226,"column":20}}},"19":{"name":"(anonymous_19)","line":233,"loc":{"start":{"line":233,"column":46},"end":{"line":233,"column":61}}},"20":{"name":"(anonymous_20)","line":243,"loc":{"start":{"line":243,"column":5},"end":{"line":243,"column":20}}}},"statementMap":{"1":{"start":{"line":3,"column":0},"end":{"line":5,"column":3}},"2":{"start":{"line":6,"column":0},"end":{"line":6,"column":28}},"3":{"start":{"line":8,"column":0},"end":{"line":8,"column":54}},"4":{"start":{"line":10,"column":0},"end":{"line":10,"column":97}},"5":{"start":{"line":10,"column":39},"end":{"line":10,"column":95}},"6":{"start":{"line":12,"column":0},"end":{"line":12,"column":341}},"7":{"start":{"line":12,"column":43},"end":{"line":12,"column":74}},"8":{"start":{"line":12,"column":75},"end":{"line":12,"column":326}},"9":{"start":{"line":12,"column":111},"end":{"line":12,"column":162}},"10":{"start":{"line":12,"column":163},"end":{"line":12,"column":292}},"11":{"start":{"line":12,"column":183},"end":{"line":12,"column":292}},"12":{"start":{"line":12,"column":225},"end":{"line":12,"column":288}},"13":{"start":{"line":12,"column":293},"end":{"line":12,"column":324}},"14":{"start":{"line":12,"column":327},"end":{"line":12,"column":339}},"15":{"start":{"line":14,"column":0},"end":{"line":14,"column":518}},"16":{"start":{"line":14,"column":33},"end":{"line":14,"column":501}},"17":{"start":{"line":14,"column":78},"end":{"line":14,"column":132}},"18":{"start":{"line":14,"column":133},"end":{"line":14,"column":499}},"19":{"start":{"line":14,"column":146},"end":{"line":14,"column":239}},"20":{"start":{"line":14,"column":193},"end":{"line":14,"column":235}},"21":{"start":{"line":14,"column":247},"end":{"line":14,"column":499}},"22":{"start":{"line":14,"column":287},"end":{"line":14,"column":361}},"23":{"start":{"line":14,"column":371},"end":{"line":14,"column":497}},"24":{"start":{"line":14,"column":412},"end":{"line":14,"column":493}},"25":{"start":{"line":14,"column":502},"end":{"line":14,"column":516}},"26":{"start":{"line":16,"column":0},"end":{"line":16,"column":209}},"27":{"start":{"line":16,"column":44},"end":{"line":16,"column":195}},"28":{"start":{"line":16,"column":62},"end":{"line":16,"column":166}},"29":{"start":{"line":16,"column":176},"end":{"line":16,"column":193}},"30":{"start":{"line":16,"column":196},"end":{"line":16,"column":207}},"31":{"start":{"line":19,"column":0},"end":{"line":27,"column":1}},"32":{"start":{"line":20,"column":2},"end":{"line":20,"column":15}},"33":{"start":{"line":22,"column":2},"end":{"line":24,"column":3}},"34":{"start":{"line":23,"column":4},"end":{"line":23,"column":71}},"35":{"start":{"line":26,"column":2},"end":{"line":26,"column":23}},"36":{"start":{"line":30,"column":0},"end":{"line":32,"column":1}},"37":{"start":{"line":31,"column":2},"end":{"line":31,"column":41}},"38":{"start":{"line":34,"column":0},"end":{"line":34,"column":88}},"39":{"start":{"line":36,"column":0},"end":{"line":40,"column":2}},"40":{"start":{"line":42,"column":0},"end":{"line":165,"column":1}},"41":{"start":{"line":43,"column":2},"end":{"line":43,"column":15}},"42":{"start":{"line":45,"column":2},"end":{"line":45,"column":18}},"43":{"start":{"line":47,"column":2},"end":{"line":53,"column":3}},"44":{"start":{"line":48,"column":4},"end":{"line":50,"column":57}},"45":{"start":{"line":52,"column":4},"end":{"line":52,"column":67}},"46":{"start":{"line":55,"column":2},"end":{"line":57,"column":3}},"47":{"start":{"line":56,"column":4},"end":{"line":56,"column":36}},"48":{"start":{"line":59,"column":2},"end":{"line":59,"column":28}},"49":{"start":{"line":60,"column":2},"end":{"line":60,"column":64}},"50":{"start":{"line":62,"column":2},"end":{"line":62,"column":74}},"51":{"start":{"line":64,"column":2},"end":{"line":68,"column":3}},"52":{"start":{"line":65,"column":4},"end":{"line":65,"column":41}},"53":{"start":{"line":67,"column":4},"end":{"line":67,"column":33}},"54":{"start":{"line":71,"column":2},"end":{"line":83,"column":3}},"55":{"start":{"line":72,"column":4},"end":{"line":74,"column":34}},"56":{"start":{"line":75,"column":4},"end":{"line":82,"column":7}},"57":{"start":{"line":81,"column":6},"end":{"line":81,"column":62}},"58":{"start":{"line":85,"column":2},"end":{"line":107,"column":3}},"59":{"start":{"line":87,"column":4},"end":{"line":87,"column":24}},"60":{"start":{"line":89,"column":4},"end":{"line":95,"column":5}},"61":{"start":{"line":90,"column":6},"end":{"line":90,"column":59}},"62":{"start":{"line":91,"column":11},"end":{"line":95,"column":5}},"63":{"start":{"line":92,"column":6},"end":{"line":92,"column":51}},"64":{"start":{"line":94,"column":6},"end":{"line":94,"column":30}},"65":{"start":{"line":98,"column":4},"end":{"line":98,"column":22}},"66":{"start":{"line":100,"column":4},"end":{"line":106,"column":5}},"67":{"start":{"line":101,"column":6},"end":{"line":101,"column":57}},"68":{"start":{"line":102,"column":11},"end":{"line":106,"column":5}},"69":{"start":{"line":103,"column":6},"end":{"line":103,"column":49}},"70":{"start":{"line":105,"column":6},"end":{"line":105,"column":30}},"71":{"start":{"line":110,"column":2},"end":{"line":114,"column":3}},"72":{"start":{"line":111,"column":4},"end":{"line":111,"column":26}},"73":{"start":{"line":113,"column":4},"end":{"line":113,"column":34}},"74":{"start":{"line":116,"column":2},"end":{"line":118,"column":3}},"75":{"start":{"line":117,"column":4},"end":{"line":117,"column":58}},"76":{"start":{"line":120,"column":2},"end":{"line":123,"column":186}},"77":{"start":{"line":125,"column":2},"end":{"line":125,"column":43}},"78":{"start":{"line":127,"column":2},"end":{"line":142,"column":3}},"79":{"start":{"line":128,"column":4},"end":{"line":139,"column":5}},"80":{"start":{"line":130,"column":6},"end":{"line":130,"column":98}},"81":{"start":{"line":133,"column":6},"end":{"line":135,"column":7}},"82":{"start":{"line":134,"column":8},"end":{"line":134,"column":84}},"83":{"start":{"line":138,"column":6},"end":{"line":138,"column":76}},"84":{"start":{"line":141,"column":4},"end":{"line":141,"column":74}},"85":{"start":{"line":146,"column":2},"end":{"line":148,"column":3}},"86":{"start":{"line":147,"column":4},"end":{"line":147,"column":22}},"87":{"start":{"line":150,"column":2},"end":{"line":152,"column":3}},"88":{"start":{"line":151,"column":4},"end":{"line":151,"column":30}},"89":{"start":{"line":154,"column":2},"end":{"line":156,"column":3}},"90":{"start":{"line":155,"column":4},"end":{"line":155,"column":27}},"91":{"start":{"line":158,"column":2},"end":{"line":164,"column":5}},"92":{"start":{"line":159,"column":4},"end":{"line":161,"column":5}},"93":{"start":{"line":160,"column":6},"end":{"line":160,"column":106}},"94":{"start":{"line":163,"column":4},"end":{"line":163,"column":60}},"95":{"start":{"line":168,"column":0},"end":{"line":174,"column":2}},"96":{"start":{"line":169,"column":2},"end":{"line":172,"column":5}},"97":{"start":{"line":173,"column":2},"end":{"line":173,"column":23}},"98":{"start":{"line":177,"column":0},"end":{"line":183,"column":2}},"99":{"start":{"line":178,"column":2},"end":{"line":181,"column":5}},"100":{"start":{"line":182,"column":2},"end":{"line":182,"column":23}},"101":{"start":{"line":186,"column":0},"end":{"line":192,"column":2}},"102":{"start":{"line":187,"column":2},"end":{"line":190,"column":5}},"103":{"start":{"line":191,"column":2},"end":{"line":191,"column":23}},"104":{"start":{"line":195,"column":0},"end":{"line":250,"column":1}},"105":{"start":{"line":196,"column":2},"end":{"line":196,"column":91}},"106":{"start":{"line":197,"column":2},"end":{"line":197,"column":52}},"107":{"start":{"line":199,"column":2},"end":{"line":199,"column":56}},"108":{"start":{"line":201,"column":2},"end":{"line":201,"column":93}},"109":{"start":{"line":203,"column":2},"end":{"line":203,"column":87}},"110":{"start":{"line":205,"column":2},"end":{"line":205,"column":36}},"111":{"start":{"line":208,"column":2},"end":{"line":212,"column":3}},"112":{"start":{"line":209,"column":4},"end":{"line":209,"column":81}},"113":{"start":{"line":211,"column":4},"end":{"line":211,"column":59}},"114":{"start":{"line":216,"column":2},"end":{"line":230,"column":5}},"115":{"start":{"line":217,"column":4},"end":{"line":223,"column":5}},"116":{"start":{"line":219,"column":6},"end":{"line":219,"column":83}},"117":{"start":{"line":222,"column":6},"end":{"line":222,"column":87}},"118":{"start":{"line":225,"column":4},"end":{"line":225,"column":18}},"119":{"start":{"line":228,"column":4},"end":{"line":228,"column":92}},"120":{"start":{"line":229,"column":4},"end":{"line":229,"column":31}},"121":{"start":{"line":233,"column":2},"end":{"line":247,"column":5}},"122":{"start":{"line":234,"column":4},"end":{"line":240,"column":5}},"123":{"start":{"line":236,"column":6},"end":{"line":236,"column":76}},"124":{"start":{"line":239,"column":6},"end":{"line":239,"column":86}},"125":{"start":{"line":242,"column":4},"end":{"line":242,"column":15}},"126":{"start":{"line":245,"column":4},"end":{"line":245,"column":94}},"127":{"start":{"line":246,"column":4},"end":{"line":246,"column":31}},"128":{"start":{"line":249,"column":2},"end":{"line":249,"column":14}},"129":{"start":{"line":252,"column":0},"end":{"line":252,"column":24}},"130":{"start":{"line":253,"column":0},"end":{"line":253,"column":30}}},"branchMap":{"1":{"line":10,"type":"cond-expr","locations":[{"start":{"line":10,"column":70},"end":{"line":10,"column":73}},{"start":{"line":10,"column":76},"end":{"line":10,"column":94}}]},"2":{"line":10,"type":"binary-expr","locations":[{"start":{"line":10,"column":46},"end":{"line":10,"column":49}},{"start":{"line":10,"column":53},"end":{"line":10,"column":67}}]},"3":{"line":12,"type":"if","locations":[{"start":{"line":12,"column":75},"end":{"line":12,"column":75}},{"start":{"line":12,"column":75},"end":{"line":12,"column":75}}]},"4":{"line":12,"type":"if","locations":[{"start":{"line":12,"column":163},"end":{"line":12,"column":163}},{"start":{"line":12,"column":163},"end":{"line":12,"column":163}}]},"5":{"line":14,"type":"cond-expr","locations":[{"start":{"line":14,"column":114},"end":{"line":14,"column":126}},{"start":{"line":14,"column":129},"end":{"line":14,"column":131}}]},"6":{"line":14,"type":"if","locations":[{"start":{"line":14,"column":133},"end":{"line":14,"column":133}},{"start":{"line":14,"column":133},"end":{"line":14,"column":133}}]},"7":{"line":14,"type":"if","locations":[{"start":{"line":14,"column":247},"end":{"line":14,"column":247}},{"start":{"line":14,"column":247},"end":{"line":14,"column":247}}]},"8":{"line":16,"type":"if","locations":[{"start":{"line":16,"column":44},"end":{"line":16,"column":44}},{"start":{"line":16,"column":44},"end":{"line":16,"column":44}}]},"9":{"line":47,"type":"if","locations":[{"start":{"line":47,"column":2},"end":{"line":47,"column":2}},{"start":{"line":47,"column":2},"end":{"line":47,"column":2}}]},"10":{"line":47,"type":"cond-expr","locations":[{"start":{"line":47,"column":38},"end":{"line":47,"column":47}},{"start":{"line":47,"column":50},"end":{"line":47,"column":62}}]},"11":{"line":49,"type":"cond-expr","locations":[{"start":{"line":49,"column":35},"end":{"line":49,"column":44}},{"start":{"line":49,"column":47},"end":{"line":49,"column":59}}]},"12":{"line":50,"type":"cond-expr","locations":[{"start":{"line":50,"column":31},"end":{"line":50,"column":40}},{"start":{"line":50,"column":43},"end":{"line":50,"column":55}}]},"13":{"line":52,"type":"cond-expr","locations":[{"start":{"line":52,"column":42},"end":{"line":52,"column":51}},{"start":{"line":52,"column":54},"end":{"line":52,"column":66}}]},"14":{"line":55,"type":"if","locations":[{"start":{"line":55,"column":2},"end":{"line":55,"column":2}},{"start":{"line":55,"column":2},"end":{"line":55,"column":2}}]},"15":{"line":60,"type":"binary-expr","locations":[{"start":{"line":60,"column":15},"end":{"line":60,"column":33}},{"start":{"line":60,"column":37},"end":{"line":60,"column":53}},{"start":{"line":60,"column":57},"end":{"line":60,"column":63}}]},"16":{"line":64,"type":"if","locations":[{"start":{"line":64,"column":2},"end":{"line":64,"column":2}},{"start":{"line":64,"column":2},"end":{"line":64,"column":2}}]},"17":{"line":71,"type":"if","locations":[{"start":{"line":71,"column":2},"end":{"line":71,"column":2}},{"start":{"line":71,"column":2},"end":{"line":71,"column":2}}]},"18":{"line":81,"type":"cond-expr","locations":[{"start":{"line":81,"column":34},"end":{"line":81,"column":42}},{"start":{"line":81,"column":45},"end":{"line":81,"column":61}}]},"19":{"line":85,"type":"if","locations":[{"start":{"line":85,"column":2},"end":{"line":85,"column":2}},{"start":{"line":85,"column":2},"end":{"line":85,"column":2}}]},"20":{"line":89,"type":"if","locations":[{"start":{"line":89,"column":4},"end":{"line":89,"column":4}},{"start":{"line":89,"column":4},"end":{"line":89,"column":4}}]},"21":{"line":91,"type":"if","locations":[{"start":{"line":91,"column":11},"end":{"line":91,"column":11}},{"start":{"line":91,"column":11},"end":{"line":91,"column":11}}]},"22":{"line":100,"type":"if","locations":[{"start":{"line":100,"column":4},"end":{"line":100,"column":4}},{"start":{"line":100,"column":4},"end":{"line":100,"column":4}}]},"23":{"line":102,"type":"if","locations":[{"start":{"line":102,"column":11},"end":{"line":102,"column":11}},{"start":{"line":102,"column":11},"end":{"line":102,"column":11}}]},"24":{"line":110,"type":"if","locations":[{"start":{"line":110,"column":2},"end":{"line":110,"column":2}},{"start":{"line":110,"column":2},"end":{"line":110,"column":2}}]},"25":{"line":116,"type":"if","locations":[{"start":{"line":116,"column":2},"end":{"line":116,"column":2}},{"start":{"line":116,"column":2},"end":{"line":116,"column":2}}]},"26":{"line":117,"type":"cond-expr","locations":[{"start":{"line":117,"column":42},"end":{"line":117,"column":44}},{"start":{"line":117,"column":47},"end":{"line":117,"column":57}}]},"27":{"line":127,"type":"if","locations":[{"start":{"line":127,"column":2},"end":{"line":127,"column":2}},{"start":{"line":127,"column":2},"end":{"line":127,"column":2}}]},"28":{"line":128,"type":"if","locations":[{"start":{"line":128,"column":4},"end":{"line":128,"column":4}},{"start":{"line":128,"column":4},"end":{"line":128,"column":4}}]},"29":{"line":133,"type":"if","locations":[{"start":{"line":133,"column":6},"end":{"line":133,"column":6}},{"start":{"line":133,"column":6},"end":{"line":133,"column":6}}]},"30":{"line":133,"type":"binary-expr","locations":[{"start":{"line":133,"column":10},"end":{"line":133,"column":31}},{"start":{"line":133,"column":35},"end":{"line":133,"column":95}}]},"31":{"line":146,"type":"if","locations":[{"start":{"line":146,"column":2},"end":{"line":146,"column":2}},{"start":{"line":146,"column":2},"end":{"line":146,"column":2}}]},"32":{"line":150,"type":"if","locations":[{"start":{"line":150,"column":2},"end":{"line":150,"column":2}},{"start":{"line":150,"column":2},"end":{"line":150,"column":2}}]},"33":{"line":154,"type":"if","locations":[{"start":{"line":154,"column":2},"end":{"line":154,"column":2}},{"start":{"line":154,"column":2},"end":{"line":154,"column":2}}]},"34":{"line":159,"type":"if","locations":[{"start":{"line":159,"column":4},"end":{"line":159,"column":4}},{"start":{"line":159,"column":4},"end":{"line":159,"column":4}}]},"35":{"line":163,"type":"cond-expr","locations":[{"start":{"line":163,"column":32},"end":{"line":163,"column":40}},{"start":{"line":163,"column":43},"end":{"line":163,"column":59}}]},"36":{"line":196,"type":"cond-expr","locations":[{"start":{"line":196,"column":73},"end":{"line":196,"column":85}},{"start":{"line":196,"column":88},"end":{"line":196,"column":90}}]},"37":{"line":196,"type":"binary-expr","locations":[{"start":{"line":196,"column":20},"end":{"line":196,"column":40}},{"start":{"line":196,"column":44},"end":{"line":196,"column":70}}]},"38":{"line":201,"type":"cond-expr","locations":[{"start":{"line":201,"column":63},"end":{"line":201,"column":67}},{"start":{"line":201,"column":70},"end":{"line":201,"column":92}}]},"39":{"line":203,"type":"cond-expr","locations":[{"start":{"line":203,"column":59},"end":{"line":203,"column":63}},{"start":{"line":203,"column":66},"end":{"line":203,"column":86}}]},"40":{"line":208,"type":"if","locations":[{"start":{"line":208,"column":2},"end":{"line":208,"column":2}},{"start":{"line":208,"column":2},"end":{"line":208,"column":2}}]},"41":{"line":217,"type":"if","locations":[{"start":{"line":217,"column":4},"end":{"line":217,"column":4}},{"start":{"line":217,"column":4},"end":{"line":217,"column":4}}]},"42":{"line":217,"type":"binary-expr","locations":[{"start":{"line":217,"column":8},"end":{"line":217,"column":21}},{"start":{"line":217,"column":25},"end":{"line":217,"column":57}}]},"43":{"line":219,"type":"binary-expr","locations":[{"start":{"line":219,"column":6},"end":{"line":219,"column":38}},{"start":{"line":219,"column":42},"end":{"line":219,"column":82}}]},"44":{"line":222,"type":"binary-expr","locations":[{"start":{"line":222,"column":6},"end":{"line":222,"column":40}},{"start":{"line":222,"column":44},"end":{"line":222,"column":86}}]},"45":{"line":228,"type":"binary-expr","locations":[{"start":{"line":228,"column":4},"end":{"line":228,"column":43}},{"start":{"line":228,"column":47},"end":{"line":228,"column":91}}]},"46":{"line":234,"type":"if","locations":[{"start":{"line":234,"column":4},"end":{"line":234,"column":4}},{"start":{"line":234,"column":4},"end":{"line":234,"column":4}}]},"47":{"line":234,"type":"binary-expr","locations":[{"start":{"line":234,"column":8},"end":{"line":234,"column":18}},{"start":{"line":234,"column":22},"end":{"line":234,"column":52}}]},"48":{"line":236,"type":"binary-expr","locations":[{"start":{"line":236,"column":6},"end":{"line":236,"column":36}},{"start":{"line":236,"column":40},"end":{"line":236,"column":75}}]},"49":{"line":239,"type":"binary-expr","locations":[{"start":{"line":239,"column":6},"end":{"line":239,"column":41}},{"start":{"line":239,"column":45},"end":{"line":239,"column":85}}]},"50":{"line":245,"type":"binary-expr","locations":[{"start":{"line":245,"column":4},"end":{"line":245,"column":44}},{"start":{"line":245,"column":48},"end":{"line":245,"column":93}}]}}}}