TN:
SF:/Users/Sea/code/packageManage/npm/sea-axios/dist/index.js
FN:10,_interopRequireDefault
FN:12,ownKeys
FN:12,(anonymous_3)
FN:14,_objectSpread
FN:14,(anonymous_5)
FN:14,(anonymous_6)
FN:16,_defineProperty
FN:19,json2url
FN:30,deepCopy
FN:42,ajax
FN:80,(anonymous_11)
FN:158,(anonymous_12)
FN:168,(anonymous_13)
FN:177,(anonymous_14)
FN:186,(anonymous_15)
FN:195,ajaxInit
FN:216,(anonymous_17)
FN:226,(anonymous_18)
FN:233,(anonymous_19)
FN:243,(anonymous_20)
FNF:20
FNH:2
FNDA:1,_interopRequireDefault
FNDA:0,ownKeys
FNDA:0,(anonymous_3)
FNDA:0,_objectSpread
FNDA:0,(anonymous_5)
FNDA:0,(anonymous_6)
FNDA:0,_defineProperty
FNDA:0,json2url
FNDA:0,deepCopy
FNDA:0,ajax
FNDA:0,(anonymous_11)
FNDA:0,(anonymous_12)
FNDA:0,(anonymous_13)
FNDA:0,(anonymous_14)
FNDA:0,(anonymous_15)
FNDA:1,ajaxInit
FNDA:0,(anonymous_17)
FNDA:0,(anonymous_18)
FNDA:0,(anonymous_19)
FNDA:0,(anonymous_20)
DA:3,1
DA:6,1
DA:8,1
DA:10,1
DA:12,1
DA:14,1
DA:16,1
DA:19,1
DA:20,0
DA:22,0
DA:23,0
DA:26,0
DA:30,1
DA:31,0
DA:34,1
DA:36,1
DA:42,1
DA:43,0
DA:45,0
DA:47,0
DA:48,0
DA:52,0
DA:55,0
DA:56,0
DA:59,0
DA:60,0
DA:62,0
DA:64,0
DA:65,0
DA:67,0
DA:71,0
DA:72,0
DA:75,0
DA:81,0
DA:85,0
DA:87,0
DA:89,0
DA:90,0
DA:91,0
DA:92,0
DA:94,0
DA:98,0
DA:100,0
DA:101,0
DA:102,0
DA:103,0
DA:105,0
DA:110,0
DA:111,0
DA:113,0
DA:116,0
DA:117,0
DA:120,0
DA:125,0
DA:127,0
DA:128,0
DA:130,0
DA:133,0
DA:134,0
DA:138,0
DA:141,0
DA:146,0
DA:147,0
DA:150,0
DA:151,0
DA:154,0
DA:155,0
DA:158,0
DA:159,0
DA:160,0
DA:163,0
DA:168,1
DA:169,0
DA:173,0
DA:177,1
DA:178,0
DA:182,0
DA:186,1
DA:187,0
DA:191,0
DA:195,1
DA:196,1
DA:197,1
DA:199,1
DA:201,1
DA:203,1
DA:205,1
DA:208,1
DA:209,0
DA:211,1
DA:216,1
DA:217,0
DA:219,0
DA:222,0
DA:225,0
DA:228,0
DA:229,0
DA:233,1
DA:234,0
DA:236,0
DA:239,0
DA:242,0
DA:245,0
DA:246,0
DA:249,1
DA:252,1
DA:253,1
LF:107
LH:29
BRDA:10,1,0,0
BRDA:10,1,1,1
BRDA:10,2,0,1
BRDA:10,2,1,1
BRDA:12,3,0,0
BRDA:12,3,1,0
BRDA:12,4,0,0
BRDA:12,4,1,0
BRDA:14,5,0,0
BRDA:14,5,1,0
BRDA:14,6,0,0
BRDA:14,6,1,0
BRDA:14,7,0,0
BRDA:14,7,1,0
BRDA:16,8,0,0
BRDA:16,8,1,0
BRDA:47,9,0,0
BRDA:47,9,1,0
BRDA:47,10,0,0
BRDA:47,10,1,0
BRDA:49,11,0,0
BRDA:49,11,1,0
BRDA:50,12,0,0
BRDA:50,12,1,0
BRDA:52,13,0,0
BRDA:52,13,1,0
BRDA:55,14,0,0
BRDA:55,14,1,0
BRDA:60,15,0,0
BRDA:60,15,1,0
BRDA:60,15,2,0
BRDA:64,16,0,0
BRDA:64,16,1,0
BRDA:71,17,0,0
BRDA:71,17,1,0
BRDA:81,18,0,0
BRDA:81,18,1,0
BRDA:85,19,0,0
BRDA:85,19,1,0
BRDA:89,20,0,0
BRDA:89,20,1,0
BRDA:91,21,0,0
BRDA:91,21,1,0
BRDA:100,22,0,0
BRDA:100,22,1,0
BRDA:102,23,0,0
BRDA:102,23,1,0
BRDA:110,24,0,0
BRDA:110,24,1,0
BRDA:116,25,0,0
BRDA:116,25,1,0
BRDA:117,26,0,0
BRDA:117,26,1,0
BRDA:127,27,0,0
BRDA:127,27,1,0
BRDA:128,28,0,0
BRDA:128,28,1,0
BRDA:133,29,0,0
BRDA:133,29,1,0
BRDA:133,30,0,0
BRDA:133,30,1,0
BRDA:146,31,0,0
BRDA:146,31,1,0
BRDA:150,32,0,0
BRDA:150,32,1,0
BRDA:154,33,0,0
BRDA:154,33,1,0
BRDA:159,34,0,0
BRDA:159,34,1,0
BRDA:163,35,0,0
BRDA:163,35,1,0
BRDA:196,36,0,1
BRDA:196,36,1,0
BRDA:196,37,0,1
BRDA:196,37,1,1
BRDA:201,38,0,1
BRDA:201,38,1,0
BRDA:203,39,0,0
BRDA:203,39,1,1
BRDA:208,40,0,0
BRDA:208,40,1,1
BRDA:217,41,0,0
BRDA:217,41,1,0
BRDA:217,42,0,0
BRDA:217,42,1,0
BRDA:219,43,0,0
BRDA:219,43,1,0
BRDA:222,44,0,0
BRDA:222,44,1,0
BRDA:228,45,0,0
BRDA:228,45,1,0
BRDA:234,46,0,0
BRDA:234,46,1,0
BRDA:234,47,0,0
BRDA:234,47,1,0
BRDA:236,48,0,0
BRDA:236,48,1,0
BRDA:239,49,0,0
BRDA:239,49,1,0
BRDA:245,50,0,0
BRDA:245,50,1,0
BRF:101
BRH:9
end_of_record
